<?xml version="1.0" encoding="UTF-8"?>
<testng-results skipped="0" failed="0" total="1" passed="1">
  <reporter-output>
  </reporter-output>
  <suite name="Default suite" duration-ms="213283" started-at="2022-04-02T08:41:51Z" finished-at="2022-04-02T08:45:24Z">
    <groups>
    </groups>
    <test name="Default test" duration-ms="213283" started-at="2022-04-02T08:41:51Z" finished-at="2022-04-02T08:45:24Z">
      <class name="pom.uat.pages.TC011">
        <test-method status="PASS" signature="beforeSuite()[pri:0, instance:pom.uat.pages.TC011@26ba2a48]" name="beforeSuite" is-config="true" duration-ms="761" started-at="2022-04-02T14:11:50Z" finished-at="2022-04-02T14:11:51Z">
          <reporter-output>
          </reporter-output>
        </test-method> <!-- beforeSuite -->
        <test-method status="PASS" signature="beforeMethod()[pri:0, instance:pom.uat.pages.TC011@26ba2a48]" name="beforeMethod" is-config="true" duration-ms="18675" started-at="2022-04-02T14:11:51Z" finished-at="2022-04-02T14:12:09Z">
          <reporter-output>
          </reporter-output>
        </test-method> <!-- beforeMethod -->
        <test-method status="PASS" signature="beforeClass()[pri:0, instance:pom.uat.pages.TC011@26ba2a48]" name="beforeClass" is-config="true" duration-ms="0" started-at="2022-04-02T14:11:51Z" finished-at="2022-04-02T14:11:51Z">
          <reporter-output>
          </reporter-output>
        </test-method> <!-- beforeClass -->
        <test-method status="PASS" signature="beforeTest()[pri:0, instance:pom.uat.pages.TC011@26ba2a48]" name="beforeTest" is-config="true" duration-ms="0" started-at="2022-04-02T14:11:51Z" finished-at="2022-04-02T14:11:51Z">
          <reporter-output>
          </reporter-output>
        </test-method> <!-- beforeTest -->
        <test-method status="PASS" signature="adduserPage()[pri:0, instance:pom.uat.pages.TC011@26ba2a48]" name="adduserPage" duration-ms="193140" started-at="2022-04-02T14:12:09Z" finished-at="2022-04-02T14:15:23Z">
          <reporter-output>
          </reporter-output>
        </test-method> <!-- adduserPage -->
        <test-method status="PASS" signature="afterMethod()[pri:0, instance:pom.uat.pages.TC011@26ba2a48]" name="afterMethod" is-config="true" duration-ms="1464" started-at="2022-04-02T14:15:23Z" finished-at="2022-04-02T14:15:24Z">
          <reporter-output>
          </reporter-output>
        </test-method> <!-- afterMethod -->
        <test-method status="PASS" signature="afterClass()[pri:0, instance:pom.uat.pages.TC011@26ba2a48]" name="afterClass" is-config="true" duration-ms="1" started-at="2022-04-02T14:15:24Z" finished-at="2022-04-02T14:15:24Z">
          <reporter-output>
          </reporter-output>
        </test-method> <!-- afterClass -->
        <test-method status="PASS" signature="afterTest()[pri:0, instance:pom.uat.pages.TC011@26ba2a48]" name="afterTest" is-config="true" duration-ms="0" started-at="2022-04-02T14:15:24Z" finished-at="2022-04-02T14:15:24Z">
          <reporter-output>
          </reporter-output>
        </test-method> <!-- afterTest -->
        <test-method status="PASS" signature="afterSuite()[pri:0, instance:pom.uat.pages.TC011@26ba2a48]" name="afterSuite" is-config="true" duration-ms="521" started-at="2022-04-02T14:15:24Z" finished-at="2022-04-02T14:15:25Z">
          <reporter-output>
          </reporter-output>
        </test-method> <!-- afterSuite -->
      </class> <!-- pom.uat.pages.TC011 -->
    </test> <!-- Default test -->
  </suite> <!-- Default suite -->
</testng-results>
